[2015-08-24 17:31:57] production.ERROR: exception 'InvalidArgumentException' with message 'View [tc-inicio] not found.' in C:\xampp\htdocs\tatu-carreta\vendor\laravel\framework\src\Illuminate\View\FileViewFinder.php:146
Stack trace:
#0 C:\xampp\htdocs\tatu-carreta\vendor\laravel\framework\src\Illuminate\View\FileViewFinder.php(83): Illuminate\View\FileViewFinder->findInPaths('tc-inicio', Array)
#1 C:\xampp\htdocs\tatu-carreta\vendor\laravel\framework\src\Illuminate\View\Factory.php(124): Illuminate\View\FileViewFinder->find('tc-inicio')
#2 C:\xampp\htdocs\tatu-carreta\vendor\laravel\framework\src\Illuminate\Support\Facades\Facade.php(211): Illuminate\View\Factory->make('tc-inicio', Array)
#3 C:\xampp\htdocs\tatu-carreta\app\controllers\HomeController.php(73): Illuminate\Support\Facades\Facade::__callStatic('make', Array)
#4 C:\xampp\htdocs\tatu-carreta\app\controllers\HomeController.php(73): Illuminate\Support\Facades\View::make('tc-inicio', Array)
#5 [internal function]: HomeController->inicio()
#6 C:\xampp\htdocs\tatu-carreta\vendor\laravel\framework\src\Illuminate\Routing\Controller.php(231): call_user_func_array(Array, Array)
#7 C:\xampp\htdocs\tatu-carreta\vendor\laravel\framework\src\Illuminate\Routing\ControllerDispatcher.php(93): Illuminate\Routing\Controller->callAction('inicio', Array)
#8 C:\xampp\htdocs\tatu-carreta\vendor\laravel\framework\src\Illuminate\Routing\ControllerDispatcher.php(62): Illuminate\Routing\ControllerDispatcher->call(Object(HomeController), Object(Illuminate\Routing\Route), 'inicio')
#9 C:\xampp\htdocs\tatu-carreta\vendor\laravel\framework\src\Illuminate\Routing\Router.php(967): Illuminate\Routing\ControllerDispatcher->dispatch(Object(Illuminate\Routing\Route), Object(Illuminate\Http\Request), 'HomeController', 'inicio')
#10 [internal function]: Illuminate\Routing\Router->Illuminate\Routing\{closure}()
#11 C:\xampp\htdocs\tatu-carreta\vendor\laravel\framework\src\Illuminate\Routing\Route.php(109): call_user_func_array(Object(Closure), Array)
#12 C:\xampp\htdocs\tatu-carreta\vendor\laravel\framework\src\Illuminate\Routing\Router.php(1033): Illuminate\Routing\Route->run(Object(Illuminate\Http\Request))
#13 C:\xampp\htdocs\tatu-carreta\vendor\laravel\framework\src\Illuminate\Routing\Router.php(1001): Illuminate\Routing\Router->dispatchToRoute(Object(Illuminate\Http\Request))
#14 C:\xampp\htdocs\tatu-carreta\vendor\laravel\framework\src\Illuminate\Foundation\Application.php(775): Illuminate\Routing\Router->dispatch(Object(Illuminate\Http\Request))
#15 C:\xampp\htdocs\tatu-carreta\vendor\laravel\framework\src\Illuminate\Foundation\Application.php(745): Illuminate\Foundation\Application->dispatch(Object(Illuminate\Http\Request))
#16 C:\xampp\htdocs\tatu-carreta\vendor\laravel\framework\src\Illuminate\Session\Middleware.php(72): Illuminate\Foundation\Application->handle(Object(Illuminate\Http\Request), 1, true)
#17 C:\xampp\htdocs\tatu-carreta\vendor\laravel\framework\src\Illuminate\Cookie\Queue.php(47): Illuminate\Session\Middleware->handle(Object(Illuminate\Http\Request), 1, true)
#18 C:\xampp\htdocs\tatu-carreta\vendor\laravel\framework\src\Illuminate\Cookie\Guard.php(51): Illuminate\Cookie\Queue->handle(Object(Illuminate\Http\Request), 1, true)
#19 C:\xampp\htdocs\tatu-carreta\vendor\stack\builder\src\Stack\StackedHttpKernel.php(23): Illuminate\Cookie\Guard->handle(Object(Illuminate\Http\Request), 1, true)
#20 C:\xampp\htdocs\tatu-carreta\vendor\laravel\framework\src\Illuminate\Foundation\Application.php(641): Stack\StackedHttpKernel->handle(Object(Illuminate\Http\Request))
#21 C:\xampp\htdocs\tatu-carreta\public\index.php(49): Illuminate\Foundation\Application->run()
#22 {main} [] []
